Flow report for final_178_quartus
Sat Apr 25 13:59:23 2015
Quartus II 64-Bit Version 13.0.1 Build 232 06/12/2013 Service Pack 1 SJ Web Edition


---------------------
; Table of Contents ;
---------------------
  1. Legal Notice
  2. Flow Summary
  3. Flow Settings
  4. Flow Non-Default Global Settings
  5. Flow Elapsed Time
  6. Flow OS Summary
  7. Flow Log
  8. Flow Messages
  9. Flow Suppressed Messages



----------------
; Legal Notice ;
----------------
Copyright (C) 1991-2013 Altera Corporation
Your use of Altera Corporation's design tools, logic functions 
and other software and tools, and its AMPP partner logic 
functions, and any output files from any of the foregoing 
(including device programming or simulation files), and any 
associated documentation or information are expressly subject 
to the terms and conditions of the Altera Program License 
Subscription Agreement, Altera MegaCore Function License 
Agreement, or other applicable license agreement, including, 
without limitation, that your use is for the sole purpose of 
programming logic devices manufactured by Altera and sold by 
Altera or its authorized distributors.  Please refer to the 
applicable agreement for further details.



+--------------------------------------------------------------------------------------+
; Flow Summary                                                                         ;
+------------------------------------+-------------------------------------------------+
; Flow Status                        ; Successful - Sat Apr 25 13:59:18 2015           ;
; Quartus II 64-Bit Version          ; 13.0.1 Build 232 06/12/2013 SP 1 SJ Web Edition ;
; Revision Name                      ; final_178_quartus                               ;
; Top-level Entity Name              ; final_178_quartus                               ;
; Family                             ; Cyclone II                                      ;
; Device                             ; EP2C35F672C6                                    ;
; Timing Models                      ; Final                                           ;
; Total logic elements               ; 7,867 / 33,216 ( 24 % )                         ;
;     Total combinational functions  ; 7,001 / 33,216 ( 21 % )                         ;
;     Dedicated logic registers      ; 5,024 / 33,216 ( 15 % )                         ;
; Total registers                    ; 5092                                            ;
; Total pins                         ; 223 / 475 ( 47 % )                              ;
; Total virtual pins                 ; 0                                               ;
; Total memory bits                  ; 156,160 / 483,840 ( 32 % )                      ;
; Embedded Multiplier 9-bit elements ; 4 / 70 ( 6 % )                                  ;
; Total PLLs                         ; 1 / 4 ( 25 % )                                  ;
+------------------------------------+-------------------------------------------------+


+-----------------------------------------+
; Flow Settings                           ;
+-------------------+---------------------+
; Option            ; Setting             ;
+-------------------+---------------------+
; Start date & time ; 04/25/2015 13:57:01 ;
; Main task         ; Compilation         ;
; Revision Name     ; final_178_quartus   ;
+-------------------+---------------------+


+-------------------------------------------------------------------------------------------------------------------------------------------------------------------------------+
; Flow Non-Default Global Settings                                                                                                                                              ;
+-------------------------------------+------------------------------------------------------------------------+---------------+-----------------------------------+------------+
; Assignment Name                     ; Value                                                                  ; Default Value ; Entity Name                       ; Section Id ;
+-------------------------------------+------------------------------------------------------------------------+---------------+-----------------------------------+------------+
; COMPILER_SIGNATURE_ID               ; 24383188084043.142999542005316                                         ; --            ; --                                ; --         ;
; IP_TOOL_ENV                         ; Qsys                                                                   ; --            ; altera_avalon_sc_fifo             ; --         ;
; IP_TOOL_ENV                         ; Qsys                                                                   ; --            ; altera_avalon_st_pipeline_stage   ; --         ;
; IP_TOOL_ENV                         ; Qsys                                                                   ; --            ; altera_merlin_burst_adapter       ; --         ;
; IP_TOOL_ENV                         ; Qsys                                                                   ; --            ; altera_merlin_master_agent        ; --         ;
; IP_TOOL_ENV                         ; Qsys                                                                   ; --            ; altera_merlin_master_translator   ; --         ;
; IP_TOOL_ENV                         ; Qsys                                                                   ; --            ; altera_merlin_slave_agent         ; --         ;
; IP_TOOL_ENV                         ; Qsys                                                                   ; --            ; altera_merlin_slave_translator    ; --         ;
; IP_TOOL_ENV                         ; Qsys                                                                   ; --            ; altera_merlin_traffic_limiter     ; --         ;
; IP_TOOL_ENV                         ; Qsys                                                                   ; --            ; altera_merlin_width_adapter       ; --         ;
; IP_TOOL_ENV                         ; Qsys                                                                   ; --            ; altera_reset_controller           ; --         ;
; IP_TOOL_ENV                         ; Qsys                                                                   ; --            ; nios_ii_system                    ; --         ;
; IP_TOOL_ENV                         ; Qsys                                                                   ; --            ; nios_ii_system_addr_router        ; --         ;
; IP_TOOL_ENV                         ; Qsys                                                                   ; --            ; nios_ii_system_addr_router_001    ; --         ;
; IP_TOOL_ENV                         ; Qsys                                                                   ; --            ; nios_ii_system_addr_router_002    ; --         ;
; IP_TOOL_ENV                         ; Qsys                                                                   ; --            ; nios_ii_system_bcd_in             ; --         ;
; IP_TOOL_ENV                         ; Qsys                                                                   ; --            ; nios_ii_system_binary_out         ; --         ;
; IP_TOOL_ENV                         ; Qsys                                                                   ; --            ; nios_ii_system_cmd_xbar_demux     ; --         ;
; IP_TOOL_ENV                         ; Qsys                                                                   ; --            ; nios_ii_system_cmd_xbar_demux_001 ; --         ;
; IP_TOOL_ENV                         ; Qsys                                                                   ; --            ; nios_ii_system_cmd_xbar_demux_002 ; --         ;
; IP_TOOL_ENV                         ; Qsys                                                                   ; --            ; nios_ii_system_cmd_xbar_mux       ; --         ;
; IP_TOOL_ENV                         ; Qsys                                                                   ; --            ; nios_ii_system_cmd_xbar_mux_009   ; --         ;
; IP_TOOL_ENV                         ; Qsys                                                                   ; --            ; nios_ii_system_cpu                ; --         ;
; IP_TOOL_ENV                         ; Qsys                                                                   ; --            ; nios_ii_system_gpio               ; --         ;
; IP_TOOL_ENV                         ; Qsys                                                                   ; --            ; nios_ii_system_hex0               ; --         ;
; IP_TOOL_ENV                         ; Qsys                                                                   ; --            ; nios_ii_system_high_res_timer     ; --         ;
; IP_TOOL_ENV                         ; Qsys                                                                   ; --            ; nios_ii_system_id_router          ; --         ;
; IP_TOOL_ENV                         ; Qsys                                                                   ; --            ; nios_ii_system_id_router_002      ; --         ;
; IP_TOOL_ENV                         ; Qsys                                                                   ; --            ; nios_ii_system_id_router_009      ; --         ;
; IP_TOOL_ENV                         ; Qsys                                                                   ; --            ; nios_ii_system_id_router_018      ; --         ;
; IP_TOOL_ENV                         ; Qsys                                                                   ; --            ; nios_ii_system_id_router_022      ; --         ;
; IP_TOOL_ENV                         ; Qsys                                                                   ; --            ; nios_ii_system_irq_mapper         ; --         ;
; IP_TOOL_ENV                         ; Qsys                                                                   ; --            ; nios_ii_system_jtag_uart          ; --         ;
; IP_TOOL_ENV                         ; Qsys                                                                   ; --            ; nios_ii_system_keys               ; --         ;
; IP_TOOL_ENV                         ; Qsys                                                                   ; --            ; nios_ii_system_lcd                ; --         ;
; IP_TOOL_ENV                         ; Qsys                                                                   ; --            ; nios_ii_system_led_red            ; --         ;
; IP_TOOL_ENV                         ; Qsys                                                                   ; --            ; nios_ii_system_lfsr               ; --         ;
; IP_TOOL_ENV                         ; Qsys                                                                   ; --            ; nios_ii_system_onchip_memory      ; --         ;
; IP_TOOL_ENV                         ; Qsys                                                                   ; --            ; nios_ii_system_rsp_xbar_demux_002 ; --         ;
; IP_TOOL_ENV                         ; Qsys                                                                   ; --            ; nios_ii_system_rsp_xbar_demux_009 ; --         ;
; IP_TOOL_ENV                         ; Qsys                                                                   ; --            ; nios_ii_system_rsp_xbar_demux_022 ; --         ;
; IP_TOOL_ENV                         ; Qsys                                                                   ; --            ; nios_ii_system_rsp_xbar_mux       ; --         ;
; IP_TOOL_ENV                         ; Qsys                                                                   ; --            ; nios_ii_system_rsp_xbar_mux_001   ; --         ;
; IP_TOOL_ENV                         ; Qsys                                                                   ; --            ; nios_ii_system_sd_ram             ; --         ;
; IP_TOOL_ENV                         ; Qsys                                                                   ; --            ; nios_ii_system_switches           ; --         ;
; IP_TOOL_ENV                         ; Qsys                                                                   ; --            ; nios_ii_system_sys_clk_timer      ; --         ;
; IP_TOOL_ENV                         ; Qsys                                                                   ; --            ; nios_ii_system_sysid              ; --         ;
; IP_TOOL_NAME                        ; RAM: 2-PORT                                                            ; --            ; --                                ; --         ;
; IP_TOOL_NAME                        ; altera_avalon_sc_fifo                                                  ; --            ; altera_avalon_sc_fifo             ; --         ;
; IP_TOOL_NAME                        ; altera_avalon_st_pipeline_stage                                        ; --            ; altera_avalon_st_pipeline_stage   ; --         ;
; IP_TOOL_NAME                        ; altera_merlin_burst_adapter                                            ; --            ; altera_merlin_burst_adapter       ; --         ;
; IP_TOOL_NAME                        ; altera_merlin_master_agent                                             ; --            ; altera_merlin_master_agent        ; --         ;
; IP_TOOL_NAME                        ; altera_merlin_master_translator                                        ; --            ; altera_merlin_master_translator   ; --         ;
; IP_TOOL_NAME                        ; altera_merlin_slave_agent                                              ; --            ; altera_merlin_slave_agent         ; --         ;
; IP_TOOL_NAME                        ; altera_merlin_slave_translator                                         ; --            ; altera_merlin_slave_translator    ; --         ;
; IP_TOOL_NAME                        ; altera_merlin_traffic_limiter                                          ; --            ; altera_merlin_traffic_limiter     ; --         ;
; IP_TOOL_NAME                        ; altera_merlin_width_adapter                                            ; --            ; altera_merlin_width_adapter       ; --         ;
; IP_TOOL_NAME                        ; altera_reset_controller                                                ; --            ; altera_reset_controller           ; --         ;
; IP_TOOL_NAME                        ; Qsys                                                                   ; --            ; nios_ii_system                    ; --         ;
; IP_TOOL_NAME                        ; altera_merlin_router                                                   ; --            ; nios_ii_system_addr_router        ; --         ;
; IP_TOOL_NAME                        ; altera_merlin_router                                                   ; --            ; nios_ii_system_addr_router_001    ; --         ;
; IP_TOOL_NAME                        ; altera_merlin_router                                                   ; --            ; nios_ii_system_addr_router_002    ; --         ;
; IP_TOOL_NAME                        ; altera_avalon_pio                                                      ; --            ; nios_ii_system_bcd_in             ; --         ;
; IP_TOOL_NAME                        ; altera_avalon_pio                                                      ; --            ; nios_ii_system_binary_out         ; --         ;
; IP_TOOL_NAME                        ; altera_merlin_demultiplexer                                            ; --            ; nios_ii_system_cmd_xbar_demux     ; --         ;
; IP_TOOL_NAME                        ; altera_merlin_demultiplexer                                            ; --            ; nios_ii_system_cmd_xbar_demux_001 ; --         ;
; IP_TOOL_NAME                        ; altera_merlin_demultiplexer                                            ; --            ; nios_ii_system_cmd_xbar_demux_002 ; --         ;
; IP_TOOL_NAME                        ; altera_merlin_multiplexer                                              ; --            ; nios_ii_system_cmd_xbar_mux       ; --         ;
; IP_TOOL_NAME                        ; altera_merlin_multiplexer                                              ; --            ; nios_ii_system_cmd_xbar_mux_009   ; --         ;
; IP_TOOL_NAME                        ; altera_nios2_qsys                                                      ; --            ; nios_ii_system_cpu                ; --         ;
; IP_TOOL_NAME                        ; altera_avalon_pio                                                      ; --            ; nios_ii_system_gpio               ; --         ;
; IP_TOOL_NAME                        ; altera_avalon_pio                                                      ; --            ; nios_ii_system_hex0               ; --         ;
; IP_TOOL_NAME                        ; altera_avalon_timer                                                    ; --            ; nios_ii_system_high_res_timer     ; --         ;
; IP_TOOL_NAME                        ; altera_merlin_router                                                   ; --            ; nios_ii_system_id_router          ; --         ;
; IP_TOOL_NAME                        ; altera_merlin_router                                                   ; --            ; nios_ii_system_id_router_002      ; --         ;
; IP_TOOL_NAME                        ; altera_merlin_router                                                   ; --            ; nios_ii_system_id_router_009      ; --         ;
; IP_TOOL_NAME                        ; altera_merlin_router                                                   ; --            ; nios_ii_system_id_router_018      ; --         ;
; IP_TOOL_NAME                        ; altera_merlin_router                                                   ; --            ; nios_ii_system_id_router_022      ; --         ;
; IP_TOOL_NAME                        ; altera_irq_mapper                                                      ; --            ; nios_ii_system_irq_mapper         ; --         ;
; IP_TOOL_NAME                        ; altera_avalon_jtag_uart                                                ; --            ; nios_ii_system_jtag_uart          ; --         ;
; IP_TOOL_NAME                        ; altera_avalon_pio                                                      ; --            ; nios_ii_system_keys               ; --         ;
; IP_TOOL_NAME                        ; altera_avalon_lcd_16207                                                ; --            ; nios_ii_system_lcd                ; --         ;
; IP_TOOL_NAME                        ; altera_avalon_pio                                                      ; --            ; nios_ii_system_led_red            ; --         ;
; IP_TOOL_NAME                        ; altera_avalon_pio                                                      ; --            ; nios_ii_system_lfsr               ; --         ;
; IP_TOOL_NAME                        ; altera_avalon_onchip_memory2                                           ; --            ; nios_ii_system_onchip_memory      ; --         ;
; IP_TOOL_NAME                        ; altera_merlin_demultiplexer                                            ; --            ; nios_ii_system_rsp_xbar_demux_002 ; --         ;
; IP_TOOL_NAME                        ; altera_merlin_demultiplexer                                            ; --            ; nios_ii_system_rsp_xbar_demux_009 ; --         ;
; IP_TOOL_NAME                        ; altera_merlin_demultiplexer                                            ; --            ; nios_ii_system_rsp_xbar_demux_022 ; --         ;
; IP_TOOL_NAME                        ; altera_merlin_multiplexer                                              ; --            ; nios_ii_system_rsp_xbar_mux       ; --         ;
; IP_TOOL_NAME                        ; altera_merlin_multiplexer                                              ; --            ; nios_ii_system_rsp_xbar_mux_001   ; --         ;
; IP_TOOL_NAME                        ; altera_avalon_new_sdram_controller                                     ; --            ; nios_ii_system_sd_ram             ; --         ;
; IP_TOOL_NAME                        ; altera_avalon_pio                                                      ; --            ; nios_ii_system_switches           ; --         ;
; IP_TOOL_NAME                        ; altera_avalon_timer                                                    ; --            ; nios_ii_system_sys_clk_timer      ; --         ;
; IP_TOOL_NAME                        ; altera_avalon_sysid_qsys                                               ; --            ; nios_ii_system_sysid              ; --         ;
; IP_TOOL_VERSION                     ; 8.0                                                                    ; --            ; --                                ; --         ;
; IP_TOOL_VERSION                     ; 13.0                                                                   ; --            ; altera_avalon_sc_fifo             ; --         ;
; IP_TOOL_VERSION                     ; 13.0                                                                   ; --            ; altera_avalon_st_pipeline_stage   ; --         ;
; IP_TOOL_VERSION                     ; 13.0                                                                   ; --            ; altera_merlin_burst_adapter       ; --         ;
; IP_TOOL_VERSION                     ; 13.0                                                                   ; --            ; altera_merlin_master_agent        ; --         ;
; IP_TOOL_VERSION                     ; 13.0                                                                   ; --            ; altera_merlin_master_translator   ; --         ;
; IP_TOOL_VERSION                     ; 13.0                                                                   ; --            ; altera_merlin_slave_agent         ; --         ;
; IP_TOOL_VERSION                     ; 13.0                                                                   ; --            ; altera_merlin_slave_translator    ; --         ;
; IP_TOOL_VERSION                     ; 13.0                                                                   ; --            ; altera_merlin_traffic_limiter     ; --         ;
; IP_TOOL_VERSION                     ; 13.0                                                                   ; --            ; altera_merlin_width_adapter       ; --         ;
; IP_TOOL_VERSION                     ; 13.0                                                                   ; --            ; altera_reset_controller           ; --         ;
; IP_TOOL_VERSION                     ; 13.0sp1                                                                ; --            ; nios_ii_system                    ; --         ;
; IP_TOOL_VERSION                     ; 13.0                                                                   ; --            ; nios_ii_system_addr_router        ; --         ;
; IP_TOOL_VERSION                     ; 13.0                                                                   ; --            ; nios_ii_system_addr_router_001    ; --         ;
; IP_TOOL_VERSION                     ; 13.0                                                                   ; --            ; nios_ii_system_addr_router_002    ; --         ;
; IP_TOOL_VERSION                     ; 13.0.1.99.2                                                            ; --            ; nios_ii_system_bcd_in             ; --         ;
; IP_TOOL_VERSION                     ; 13.0.1.99.2                                                            ; --            ; nios_ii_system_binary_out         ; --         ;
; IP_TOOL_VERSION                     ; 13.0                                                                   ; --            ; nios_ii_system_cmd_xbar_demux     ; --         ;
; IP_TOOL_VERSION                     ; 13.0                                                                   ; --            ; nios_ii_system_cmd_xbar_demux_001 ; --         ;
; IP_TOOL_VERSION                     ; 13.0                                                                   ; --            ; nios_ii_system_cmd_xbar_demux_002 ; --         ;
; IP_TOOL_VERSION                     ; 13.0                                                                   ; --            ; nios_ii_system_cmd_xbar_mux       ; --         ;
; IP_TOOL_VERSION                     ; 13.0                                                                   ; --            ; nios_ii_system_cmd_xbar_mux_009   ; --         ;
; IP_TOOL_VERSION                     ; 13.0                                                                   ; --            ; nios_ii_system_cpu                ; --         ;
; IP_TOOL_VERSION                     ; 13.0.1.99.2                                                            ; --            ; nios_ii_system_gpio               ; --         ;
; IP_TOOL_VERSION                     ; 13.0.1.99.2                                                            ; --            ; nios_ii_system_hex0               ; --         ;
; IP_TOOL_VERSION                     ; 13.0.1.99.2                                                            ; --            ; nios_ii_system_high_res_timer     ; --         ;
; IP_TOOL_VERSION                     ; 13.0                                                                   ; --            ; nios_ii_system_id_router          ; --         ;
; IP_TOOL_VERSION                     ; 13.0                                                                   ; --            ; nios_ii_system_id_router_002      ; --         ;
; IP_TOOL_VERSION                     ; 13.0                                                                   ; --            ; nios_ii_system_id_router_009      ; --         ;
; IP_TOOL_VERSION                     ; 13.0                                                                   ; --            ; nios_ii_system_id_router_018      ; --         ;
; IP_TOOL_VERSION                     ; 13.0                                                                   ; --            ; nios_ii_system_id_router_022      ; --         ;
; IP_TOOL_VERSION                     ; 13.0                                                                   ; --            ; nios_ii_system_irq_mapper         ; --         ;
; IP_TOOL_VERSION                     ; 13.0.1.99.2                                                            ; --            ; nios_ii_system_jtag_uart          ; --         ;
; IP_TOOL_VERSION                     ; 13.0.1.99.2                                                            ; --            ; nios_ii_system_keys               ; --         ;
; IP_TOOL_VERSION                     ; 13.0.1.99.2                                                            ; --            ; nios_ii_system_lcd                ; --         ;
; IP_TOOL_VERSION                     ; 13.0.1.99.2                                                            ; --            ; nios_ii_system_led_red            ; --         ;
; IP_TOOL_VERSION                     ; 13.0.1.99.2                                                            ; --            ; nios_ii_system_lfsr               ; --         ;
; IP_TOOL_VERSION                     ; 13.0.1.99.2                                                            ; --            ; nios_ii_system_onchip_memory      ; --         ;
; IP_TOOL_VERSION                     ; 13.0                                                                   ; --            ; nios_ii_system_rsp_xbar_demux_002 ; --         ;
; IP_TOOL_VERSION                     ; 13.0                                                                   ; --            ; nios_ii_system_rsp_xbar_demux_009 ; --         ;
; IP_TOOL_VERSION                     ; 13.0                                                                   ; --            ; nios_ii_system_rsp_xbar_demux_022 ; --         ;
; IP_TOOL_VERSION                     ; 13.0                                                                   ; --            ; nios_ii_system_rsp_xbar_mux       ; --         ;
; IP_TOOL_VERSION                     ; 13.0                                                                   ; --            ; nios_ii_system_rsp_xbar_mux_001   ; --         ;
; IP_TOOL_VERSION                     ; 13.0.1.99.2                                                            ; --            ; nios_ii_system_sd_ram             ; --         ;
; IP_TOOL_VERSION                     ; 13.0.1.99.2                                                            ; --            ; nios_ii_system_switches           ; --         ;
; IP_TOOL_VERSION                     ; 13.0.1.99.2                                                            ; --            ; nios_ii_system_sys_clk_timer      ; --         ;
; IP_TOOL_VERSION                     ; 13.0                                                                   ; --            ; nios_ii_system_sysid              ; --         ;
; MAX_CORE_JUNCTION_TEMP              ; 85                                                                     ; --            ; --                                ; --         ;
; MIN_CORE_JUNCTION_TEMP              ; 0                                                                      ; --            ; --                                ; --         ;
; MISC_FILE                           ; nios_ii_system/synthesis/../../nios_ii_system.cmp                      ; --            ; --                                ; --         ;
; MISC_FILE                           ; nios_ii_system/synthesis/../../nios_ii_system.qsys                     ; --            ; --                                ; --         ;
; MISC_FILE                           ; nios_ii_system/synthesis/submodules/Altera_UP_SD_Card_Memory_Block.bsf ; --            ; --                                ; --         ;
; MISC_FILE                           ; nios_ii_system/synthesis/submodules/Altera_UP_SD_Card_Memory_Block.cmp ; --            ; --                                ; --         ;
; PARTITION_COLOR                     ; 16764057                                                               ; --            ; --                                ; Top        ;
; PARTITION_FITTER_PRESERVATION_LEVEL ; PLACEMENT_AND_ROUTING                                                  ; --            ; --                                ; Top        ;
; PARTITION_NETLIST_TYPE              ; SOURCE                                                                 ; --            ; --                                ; Top        ;
; POWER_BOARD_THERMAL_MODEL           ; None (CONSERVATIVE)                                                    ; --            ; --                                ; --         ;
; POWER_PRESET_COOLING_SOLUTION       ; 23 MM HEAT SINK WITH 200 LFPM AIRFLOW                                  ; --            ; --                                ; --         ;
; PROJECT_OUTPUT_DIRECTORY            ; output_files                                                           ; --            ; --                                ; --         ;
; SLD_INFO                            ; QSYS_NAME nios_ii_system HAS_SOPCINFO 1 GENERATION_ID 1429839690       ; --            ; nios_ii_system                    ; --         ;
; SOPCINFO_FILE                       ; nios_ii_system/synthesis/../../nios_ii_system.sopcinfo                 ; --            ; --                                ; --         ;
; SYNTHESIS_ONLY_QIP                  ; On                                                                     ; --            ; --                                ; --         ;
+-------------------------------------+------------------------------------------------------------------------+---------------+-----------------------------------+------------+


+-------------------------------------------------------------------------------------------------------------------------------+
; Flow Elapsed Time                                                                                                             ;
+---------------------------+--------------+-------------------------+---------------------+------------------------------------+
; Module Name               ; Elapsed Time ; Average Processors Used ; Peak Virtual Memory ; Total CPU Time (on all processors) ;
+---------------------------+--------------+-------------------------+---------------------+------------------------------------+
; Analysis & Synthesis      ; 00:01:12     ; 1.0                     ; 765 MB              ; 00:00:56                           ;
; Fitter                    ; 00:00:50     ; 1.0                     ; 860 MB              ; 00:00:45                           ;
; Assembler                 ; 00:00:03     ; 1.0                     ; 477 MB              ; 00:00:03                           ;
; TimeQuest Timing Analyzer ; 00:00:03     ; 1.0                     ; 541 MB              ; 00:00:03                           ;
; Total                     ; 00:02:08     ; --                      ; --                  ; 00:01:47                           ;
+---------------------------+--------------+-------------------------+---------------------+------------------------------------+


+----------------------------------------------------------------------------------------+
; Flow OS Summary                                                                        ;
+---------------------------+------------------+-----------+------------+----------------+
; Module Name               ; Machine Hostname ; OS Name   ; OS Version ; Processor type ;
+---------------------------+------------------+-----------+------------+----------------+
; Analysis & Synthesis      ; Hays_Laptop      ; Windows 7 ; 6.2        ; x86_64         ;
; Fitter                    ; Hays_Laptop      ; Windows 7 ; 6.2        ; x86_64         ;
; Assembler                 ; Hays_Laptop      ; Windows 7 ; 6.2        ; x86_64         ;
; TimeQuest Timing Analyzer ; Hays_Laptop      ; Windows 7 ; 6.2        ; x86_64         ;
+---------------------------+------------------+-----------+------------+----------------+


------------
; Flow Log ;
------------
quartus_map --read_settings_files=on --write_settings_files=off final_178_quartus -c final_178_quartus
quartus_fit --read_settings_files=off --write_settings_files=off final_178_quartus -c final_178_quartus
quartus_asm --read_settings_files=off --write_settings_files=off final_178_quartus -c final_178_quartus
quartus_sta final_178_quartus -c final_178_quartus



